<?xml version="1.0" encoding="UTF-8"?>
<!-- Generated by org.testng.reporters.JUnitReportReporter -->
<testsuite skipped="0" hostname="WIN-GEDESCREUP8" name="MavenTest.NewTest" tests="1" failures="0" timestamp="24 Feb 2018 19:46:03 GMT" time="2.118" errors="0">
  <testcase name="MavernTest" time="2.118" classname="MavenTest.NewTest"/>
</testsuite> <!-- MavenTest.NewTest -->
